<?xml version="1.0" encoding="UTF-8"?>
<testng-results skipped="0" failed="0" total="1" passed="1">
  <reporter-output>
  </reporter-output>
  <suite name="Default suite" duration-ms="53675" started-at="2018-08-05T19:58:41Z" finished-at="2018-08-05T19:59:35Z">
    <groups>
    </groups>
    <test name="Default test" duration-ms="53675" started-at="2018-08-05T19:58:41Z" finished-at="2018-08-05T19:59:35Z">
      <class name="LearnAutomationDailyClasses.LearnClasses.TakeScreenShotConcept">
        <test-method status="PASS" signature="CaptureScreenshot()[pri:0, instance:LearnAutomationDailyClasses.LearnClasses.TakeScreenShotConcept@51565ec2]" name="CaptureScreenshot" duration-ms="53628" started-at="2018-08-06T01:28:41Z" finished-at="2018-08-06T01:29:35Z">
          <reporter-output>
          </reporter-output>
        </test-method> <!-- CaptureScreenshot -->
      </class> <!-- LearnAutomationDailyClasses.LearnClasses.TakeScreenShotConcept -->
    </test> <!-- Default test -->
  </suite> <!-- Default suite -->
</testng-results>
